app/build/outputs/mapping/release/seeds.txt
com.sukajee.tallycounter.MainActivity
com.sukajee.tallycounter.ui.MainFragment
com.sukajee.tallycounter.ui.ResetConfirmationDialog
com.sukajee.tallycounter.ui.TargetEntryDialog
com.sukajee.tallycounter.ui.StepsEntryDialog
com.sukajee.tallycounter.ui.TargetEntryDialog: TargetEntryDialog()
com.sukajee.tallycounter.ui.StepsEntryDialog: StepsEntryDialog()
com.sukajee.tallycounter.ui.ResetConfirmationDialog: ResetConfirmationDialog()
com.sukajee.tallycounter.MainActivity: MainActivity()
com.sukajee.tallycounter.ui.MainFragment: MainFragment()
com.sukajee.tallycounter.ui.MainViewModel: MainViewModel()
...
androidx.recyclerview.widget.RecyclerView: int getScrollState()
com.google.android.material.appbar.MaterialToolbar: void setSubtitleCentered(boolean)
com.google.android.material.button.MaterialButton: void setStrokeWidth(int)
androidx.constraintlayout.widget.ConstraintHelper: int[] getReferencedIds()
androidx.appcompat.widget.ActionBarOverlayLayout: java.lang.CharSequence getTitle()
androidx.appcompat.widget.ActivityChooserView$InnerLayout: ActivityChooserView$InnerLayout(android.content.Context,android.util.AttributeSet)
androidx.appcompat.widget.AppCompatButton: void setSupportCompoundDrawablesTintMode(android.graphics.PorterDuff$Mode)
androidx.appcompat.widget.AppCompatMultiAutoCompleteTextView: void setSupportCompoundDrawablesTintList(android.content.res.ColorStateList)
com.google.android.material.snackbar.BaseTransientBottomBar$SnackbarBaseLayout: void setBackgroundTintMode(android.graphics.PorterDuff$Mode)
androidx.appcompat.widget.AppCompatTextView: int getAutoSizeMinTextSize()
androidx.appcompat.widget.LinearLayoutCompat: int getBaselineAlignedChildIndex()
androidx.appcompat.widget.AppCompatRadioButton: android.graphics.PorterDuff$Mode getSupportCompoundDrawablesTintMode()
com.google.android.material.chip.Chip: com.google.android.material.shape.ShapeAppearanceModel getShapeAppearanceModel()
androidx.appcompat.widget.AppCompatRadioButton: void setAllCaps(boolean)
androidx.core.graphics.drawable.IconCompat$Api23Impl: android.graphics.drawable.Icon toIcon(androidx.core.graphics.drawable.IconCompat,android.content.Context)
androidx.appcompat.widget.Toolbar: java.lang.CharSequence getSubtitle()
androidx.constraintlayout.helper.widget.Flow: void setFirstHorizontalBias(float)
com.google.android.material.checkbox.MaterialCheckBox: void setButtonDrawable(android.graphics.drawable.Drawable)
androidx.appcompat.widget.ActionMenuView: android.view.Menu getMenu()
androidx.core.view.accessibility.AccessibilityNodeInfoCompat$Api34Impl: void setContainerTitle(android.view.accessibility.AccessibilityNodeInfo,java.lang.CharSequence)
com.google.android.material.chip.Chip: void setChipIcon(android.graphics.drawable.Drawable)
androidx.core.provider.FontProvider$Api16Impl: android.database.Cursor query(android.content.ContentResolver,android.net.Uri,java.lang.String[],java.lang.String,java.lang.String[],java.lang.String,java.lang.Object)
androidx.appcompat.widget.AppCompatSpinner$Api17Impl: int getTextAlignment(android.view.View)
androidx.vectordrawable.graphics.drawable.VectorDrawableCompat$VFullPath: void setStrokeAlpha(float)
androidx.profileinstaller.ProfileInstallReceiver: ProfileInstallReceiver()
android.support.v4.graphics.drawable.IconCompatParcelizer: void write(androidx.core.graphics.drawable.IconCompat,androidx.versionedparcelable.VersionedParcel)
androidx.recyclerview.widget.RecyclerView: void setHasFixedSize(boolean)
androidx.core.view.WindowInsetsCompat$BuilderImpl: void setInsets(int,androidx.core.graphics.Insets)
androidx.coordinatorlayout.widget.CoordinatorLayout: void setVisibility(int)
androidx.core.view.ViewCompat$Api16Impl: void setBackground(android.view.View,android.graphics.drawable.Drawable)
androidx.core.view.animation.PathInterpolatorCompat$Api21Impl: android.view.animation.Interpolator createPathInterpolator(android.graphics.Path)
com.google.android.material.textfield.TextInputLayout: void setEndIconContentDescription(java.lang.CharSequence)
androidx.core.view.ViewCompat$Api28Impl: void setAutofillId(android.view.View,android.view.autofill.AutofillId)
com.google.android.material.chip.Chip: void setChipMinHeight(float)
androidx.core.widget.TextViewCompat$Api16Impl: boolean getIncludeFontPadding(android.widget.TextView)
androidx.core.view.ViewConfigurationCompat$Api28Impl: int getScaledHoverSlop(android.view.ViewConfiguration)
androidx.appcompat.widget.AppCompatTextViewAutoSizeHelper$Impl23: void computeAndSetTextDirection(android.text.StaticLayout$Builder,android.widget.TextView)