app/build/outputs/mapping/release/mapping.txt
# compiler: R8
# compiler_version: 8.1.65
# min_api: 21
# common_typos_disable
# {"id":"com.android.tools.r8.mapping","version":"2.2"}
# pg_map_id: e5e8204
# pg_map_hash: SHA-256 e5e8204aa64a038ff87ef0bb37162e9edcf1d06d90d983e92eee5025bcb502a3
com.sukajee.tallycounter.NavGraphDirections -> d2.a:
    com.sukajee.tallycounter.NavGraphDirections$Companion Companion -> a
    1:1:void <clinit>():0:0 -> <clinit>
com.sukajee.tallycounter.TallyEvents -> d2.l:
com.sukajee.tallycounter.TallyEvents$NotifyMaxCountReached -> d2.b:
    com.sukajee.tallycounter.TallyEvents$NotifyMaxCountReached INSTANCE -> a
    1:1:void <clinit>():0:0 -> <clinit>
com.sukajee.tallycounter.TallyEvents$NotifyMinCountReached -> d2.c:
    com.sukajee.tallycounter.TallyEvents$NotifyMinCountReached INSTANCE -> a
    1:1:void <clinit>():0:0 -> <clinit>
com.sukajee.tallycounter.TallyEvents$NotifyTargetCanNotBeSet -> d2.d:
    int target -> a
    1:1:void <init>(int):0:0 -> <init>
    1:1:boolean equals(java.lang.Object):0:0 -> equals
    1:1:int hashCode():0:0 -> hashCode
    1:1:java.lang.String toString():0:0 -> toString
com.sukajee.tallycounter.TallyEvents$NotifyThisActionExceedsTarget -> d2.e:
    boolean isMax -> a
    1:1:void <init>(boolean):0:0 -> <init>
    1:1:boolean equals(java.lang.Object):0:0 -> equals
    1:1:int hashCode():0:0 -> hashCode
    1:1:java.lang.String toString():0:0 -> toString
com.sukajee.tallycounter.TallyEvents$ShowHideTargetReachedCircle -> d2.f:
    boolean showGreenCircle -> a
    int digits -> b
    1:1:void <init>(boolean,int,int,kotlin.jvm.internal.DefaultConstructorMarker):0:0 -> <init>
      # {"id":"com.android.tools.r8.residualsignature","signature":"()V"}
    2:2:void <init>(boolean,int):0:0 -> <init>
      # {"id":"com.android.tools.r8.residualsignature","signature":"(IZ)V"}
    1:1:boolean equals(java.lang.Object):0:0 -> equals
    1:1:int hashCode():0:0 -> hashCode
    1:1:java.lang.String toString():0:0 -> toString
com.sukajee.tallycounter.TallyEvents$ShowResetConfirmationScreen -> d2.g:
    com.sukajee.tallycounter.TallyEvents$ShowResetConfirmationScreen INSTANCE -> a
    1:1:void <clinit>():0:0 -> <clinit>
com.sukajee.tallycounter.TallyEvents$ShowStepsEntryScreen -> d2.h:
    com.sukajee.tallycounter.TallyEvents$ShowStepsEntryScreen INSTANCE -> a
    1:1:void <clinit>():0:0 -> <clinit>
com.sukajee.tallycounter.TallyEvents$ShowTargetCountDetails -> d2.i:
    int target -> a
    1:1:void <init>(int):0:0 -> <init>
    1:1:boolean equals(java.lang.Object):0:0 -> equals
    1:1:int hashCode():0:0 -> hashCode
    1:1:java.lang.String toString():0:0 -> toString
com.sukajee.tallycounter.TallyEvents$ShowTargetEntryScreen -> d2.j:
    com.sukajee.tallycounter.TallyEvents$ShowTargetEntryScreen INSTANCE -> a
    1:1:void <clinit>():0:0 -> <clinit>
com.sukajee.tallycounter.TallyEvents$UpdateCount -> d2.k:
    int currentCount -> a
    1:1:void <init>(int):0:0 -> <init>
    1:1:boolean equals(java.lang.Object):0:0 -> equals
    1:1:int hashCode():0:0 -> hashCode
    1:1:java.lang.String toString():0:0 -> toString
...
androidx.emoji2.text.EmojiCompatInitializer$BackgroundDefaultLoader$$ExternalSyntheticLambda0 -> androidx.emoji2.text.o:
# {"id":"sourceFile","fileName":"R8$$SyntheticClass"}
# {"id":"com.android.tools.r8.synthesized"}
    int androidx.emoji2.text.EmojiCompatInitializer$BackgroundDefaultLoader$$InternalSyntheticLambda$1$140a2bd3fa101cb046040bbcca744ab7501b3b0c683a7652387846f552944305$0.$r8$classId -> d
    androidx.emoji2.text.EmojiCompatInitializer$BackgroundDefaultLoader androidx.emoji2.text.EmojiCompatInitializer$BackgroundDefaultLoader$$InternalSyntheticLambda$1$140a2bd3fa101cb046040bbcca744ab7501b3b0c683a7652387846f552944305$0.f$0 -> e
    androidx.emoji2.text.EmojiCompat$MetadataRepoLoaderCallback androidx.emoji2.text.EmojiCompatInitializer$BackgroundDefaultLoader$$InternalSyntheticLambda$1$140a2bd3fa101cb046040bbcca744ab7501b3b0c683a7652387846f552944305$0.f$1 -> f
    java.util.concurrent.ThreadPoolExecutor androidx.emoji2.text.EmojiCompatInitializer$BackgroundDefaultLoader$$InternalSyntheticLambda$1$140a2bd3fa101cb046040bbcca744ab7501b3b0c683a7652387846f552944305$0.f$2 -> g
    1:12:void androidx.emoji2.text.EmojiCompatInitializer$BackgroundDefaultLoader$$InternalSyntheticLambda$1$140a2bd3fa101cb046040bbcca744ab7501b3b0c683a7652387846f552944305$0.<init>(androidx.emoji2.text.EmojiCompatInitializer$BackgroundDefaultLoader,androidx.emoji2.text.EmojiCompat$MetadataRepoLoaderCallback,java.util.concurrent.ThreadPoolExecutor):0:0 -> <init>
androidx.emoji2.text.EmojiCompatInitializer$BackgroundDefaultLoader$1 -> androidx.emoji2.text.p:
    androidx.emoji2.text.EmojiCompat$MetadataRepoLoaderCallback val$loaderCallback -> Q
    java.util.concurrent.ThreadPoolExecutor val$executor -> R
    1:1:void <init>(androidx.emoji2.text.EmojiCompatInitializer$BackgroundDefaultLoader,androidx.emoji2.text.EmojiCompat$MetadataRepoLoaderCallback,java.util.concurrent.ThreadPoolExecutor):0:0 -> <init>
      # {"id":"com.android.tools.r8.residualsignature","signature":"(Lk2/f;Ljava/util/concurrent/ThreadPoolExecutor;)V"}
    1:1:void onFailed(java.lang.Throwable):0:0 -> i0
    1:1:void onLoaded(androidx.emoji2.text.MetadataRepo):0:0 -> j0
      # {"id":"com.android.tools.r8.residualsignature","signature":"(Lg/h;)V"}
androidx.emoji2.text.EmojiCompatInitializer$LoadEmojiCompatRunnable -> androidx.emoji2.text.q:
    5:7:void androidx.core.os.TraceCompat.beginSection(java.lang.String):0:0 -> run
    5:7:void run():0 -> run
    8:16:boolean androidx.emoji2.text.EmojiCompat.isConfigured():0:0 -> run
    8:16:void run():0 -> run
    17:23:void run():0:0 -> run
    24:28:void androidx.core.os.TraceCompat.endSection():0:0 -> run
    24:28:void run():0 -> run
    29:30:void run():0:0 -> run
    31:33:void androidx.core.os.TraceCompat.endSection():0:0 -> run
    31:33:void run():0 -> run
    34:34:void run():0:0 -> run