app/build/outputs/mapping/release/usage.txt
com.sukajee.tallycounter.BuildConfig
com.sukajee.tallycounter.NavGraphDirections:
    private void <init>()
com.sukajee.tallycounter.R$anim
com.sukajee.tallycounter.R$animator
com.sukajee.tallycounter.R$array
com.sukajee.tallycounter.R$attr
com.sukajee.tallycounter.R$bool
com.sukajee.tallycounter.R$color
com.sukajee.tallycounter.R$dimen
com.sukajee.tallycounter.R$drawable
com.sukajee.tallycounter.R$font
com.sukajee.tallycounter.R$id
com.sukajee.tallycounter.R$integer
com.sukajee.tallycounter.R$interpolator
com.sukajee.tallycounter.R$layout
com.sukajee.tallycounter.R$mipmap
com.sukajee.tallycounter.R$navigation
com.sukajee.tallycounter.R$plurals
com.sukajee.tallycounter.R$string
com.sukajee.tallycounter.R$style
com.sukajee.tallycounter.R$styleable
com.sukajee.tallycounter.R
com.sukajee.tallycounter.TallyEvents$NotifyTargetCanNotBeSet:
    public final int component1()
    public final com.sukajee.tallycounter.TallyEvents$NotifyTargetCanNotBeSet copy(int)
    public static synthetic com.sukajee.tallycounter.TallyEvents$NotifyTargetCanNotBeSet copy$default(com.sukajee.tallycounter.TallyEvents$NotifyTargetCanNotBeSet,int,int,java.lang.Object)
com.sukajee.tallycounter.TallyEvents$NotifyThisActionExceedsTarget:
    public final boolean component1()
    public final com.sukajee.tallycounter.TallyEvents$NotifyThisActionExceedsTarget copy(boolean)
    public static synthetic com.sukajee.tallycounter.TallyEvents$NotifyThisActionExceedsTarget copy$default(com.sukajee.tallycounter.TallyEvents$NotifyThisActionExceedsTarget,boolean,int,java.lang.Object)
com.sukajee.tallycounter.TallyEvents$ShowHideTargetReachedCircle:
    public final boolean component1()
    public final int component2()
    public final com.sukajee.tallycounter.TallyEvents$ShowHideTargetReachedCircle copy(boolean,int)
    public static synthetic com.sukajee.tallycounter.TallyEvents$ShowHideTargetReachedCircle copy$default(com.sukajee.tallycounter.TallyEvents$ShowHideTargetReachedCircle,boolean,int,int,java.lang.Object)
com.sukajee.tallycounter.TallyEvents$ShowTargetCountDetails:
    public final int component1()
    public final com.sukajee.tallycounter.TallyEvents$ShowTargetCountDetails copy(int)
    public static synthetic com.sukajee.tallycounter.TallyEvents$ShowTargetCountDetails copy$default(com.sukajee.tallycounter.TallyEvents$ShowTargetCountDetails,int,int,java.lang.Object)
com.sukajee.tallycounter.TallyEvents$UpdateCount:
    public final int component1()
    public final com.sukajee.tallycounter.TallyEvents$UpdateCount copy(int)
    public static synthetic com.sukajee.tallycounter.TallyEvents$UpdateCount copy$default(com.sukajee.tallycounter.TallyEvents$UpdateCount,int,int,java.lang.Object)
com.sukajee.tallycounter.databinding.ActivityMainBinding
com.sukajee.tallycounter.databinding.CounterResetCheckboxBinding
com.sukajee.tallycounter.databinding.EntryDialogViewBinding
com.sukajee.tallycounter.databinding.FragmentMainBinding:
    public synthetic bridge android.view.View getRoot()
    public androidx.coordinatorlayout.widget.CoordinatorLayout getRoot()
    public static com.sukajee.tallycounter.databinding.FragmentMainBinding inflate(android.view.LayoutInflater)
    public static com.sukajee.tallycounter.databinding.FragmentMainBinding inflate(android.view.LayoutInflater,android.view.ViewGroup,boolean)
com.sukajee.tallycounter.ui.MainFragmentDirections:
    private void <init>()
com.sukajee.tallycounter.ui.MainViewModel:
    public final void setResetVisible(androidx.lifecycle.MutableLiveData)
com.sukajee.tallycounter.ui.MainViewModelKt
com.sukajee.tallycounter.ui.ResetConfirmationDialogDirections$Companion
com.sukajee.tallycounter.ui.ResetConfirmationDialogDirections
com.sukajee.tallycounter.ui.StepsEntryDialogDirections$Companion
com.sukajee.tallycounter.ui.StepsEntryDialogDirections
com.sukajee.tallycounter.ui.TargetEntryDialogDirections$Companion
com.sukajee.tallycounter.ui.TargetEntryDialogDirections
com.sukajee.tallycounter.NavGraphDirections$Companion
...
androidx.core.net.ConnectivityManagerCompat$Api16Impl
androidx.core.net.ConnectivityManagerCompat$Api24Impl
androidx.core.net.ConnectivityManagerCompat$RestrictBackgroundStatus
androidx.core.net.ConnectivityManagerCompat
androidx.core.net.DatagramSocketWrapper$DatagramSocketImplWrapper
androidx.core.net.DatagramSocketWrapper
androidx.core.net.MailTo
androidx.core.net.ParseException
androidx.core.net.TrafficStatsCompat$Api24Impl
androidx.core.net.TrafficStatsCompat
androidx.core.net.UriCompat
androidx.core.net.UriKt
androidx.core.os.BuildCompat$PrereleaseSdkCheck
androidx.core.os.BuildCompat:
    public static final boolean isAtLeastN()
    public static final boolean isAtLeastNMR1()
    public static final boolean isAtLeastO()
    public static final boolean isAtLeastOMR1()
    public static final boolean isAtLeastP()
    public static final boolean isAtLeastQ()
    public static final boolean isAtLeastR()
    public static final boolean isAtLeastS()
    public static final boolean isAtLeastSv2()
    public static final boolean isAtLeastU()
    public static final boolean isAtLeastV()
androidx.core.os.BundleCompat$Api18Impl
androidx.core.os.BundleCompat$Api33Impl
androidx.core.os.BundleCompat$BeforeApi18Impl
androidx.core.os.BundleCompat
androidx.core.os.BundleKt:
    public static final android.os.Bundle bundleOf()
androidx.core.os.CancellationSignal$Api16Impl:
    private void <init>()
androidx.core.os.CancellationSignal:
    public java.lang.Object getCancellationSignalObject()
    public boolean isCanceled()
    public void throwIfCanceled()
androidx.core.os.ConfigurationCompat$Api17Impl
androidx.core.os.ConfigurationCompat$Api24Impl
androidx.core.os.ConfigurationCompat
androidx.core.os.ContinuationOutcomeReceiver
androidx.core.os.EnvironmentCompat$Api19Impl
androidx.core.os.EnvironmentCompat$Api21Impl
androidx.core.os.EnvironmentCompat
androidx.core.os.ExecutorCompat$HandlerExecutor
androidx.core.os.ExecutorCompat
androidx.core.os.HandlerCompat$Api28Impl
androidx.core.os.HandlerCompat$Api29Impl
androidx.core.os.HandlerCompat
androidx.core.os.HandlerKt$postAtTime$runnable$1
androidx.core.os.HandlerKt$postDelayed$runnable$1
androidx.core.os.HandlerKt
androidx.core.os.LocaleListCompat$Api21Impl:
    private void <init>()
androidx.core.os.LocaleListCompat$Api24Impl:
    private void <init>()
androidx.core.os.LocaleListCompat:
    public static androidx.core.os.LocaleListCompat getAdjustedDefault()
    public static androidx.core.os.LocaleListCompat getDefault()
    public java.util.Locale getFirstMatch(java.lang.String[])
    public int indexOf(java.util.Locale)
    public static boolean matchesLanguageAndScript(java.util.Locale,java.util.Locale)
    public java.lang.Object unwrap()
    public static androidx.core.os.LocaleListCompat wrap(java.lang.Object)
androidx.core.os.LocaleListCompatWrapper$Api21Impl
androidx.core.os.LocaleListCompatWrapper:
    private java.util.Locale computeFirstMatch(java.util.Collection,boolean)
    private int computeFirstMatchIndex(java.util.Collection,boolean)
    private int findFirstMatchIndex(java.util.Locale)
    public java.util.Locale getFirstMatch(java.lang.String[])
    private static java.lang.String getLikelyScript(java.util.Locale)
    public int indexOf(java.util.Locale)
    private static boolean isPseudoLocale(java.util.Locale)
    private static int matchScore(java.util.Locale,java.util.Locale)
androidx.core.os.LocaleListInterface:
    public abstract java.util.Locale getFirstMatch(java.lang.String[])
    public abstract int indexOf(java.util.Locale)
androidx.core.os.LocaleListPlatformWrapper:
    public java.util.Locale getFirstMatch(java.lang.String[])
    public int indexOf(java.util.Locale)
androidx.core.os.MessageCompat$Api22Impl
androidx.core.os.MessageCompat
androidx.core.os.OperationCanceledException
androidx.core.os.OutcomeReceiverKt
androidx.core.os.ParcelCompat$Api29Impl
androidx.core.os.ParcelCompat$Api30Impl
androidx.core.os.ParcelCompat$Api33Impl